<?xml version="1.0" encoding="UTF-8"?>
<testsuite name="PorkerGameJudgeTest" tests="1" skipped="0" failures="0" errors="0" timestamp="2019-08-11T21:27:55" hostname="ZHA-ITA061-W10" time="0.003">
  <properties/>
  <testcase name="test_porker_judge_given_2H_3D_5S_9C_KD_and_2D_3H_5C_9S_QD_then_return_first_win" classname="PorkerGameJudgeTest" time="0.003"/>
  <system-out><![CDATA[]]></system-out>
  <system-err><![CDATA[]]></system-err>
</testsuite>
