<?xml version="1.0" encoding="UTF-8"?>
<testsuite name="PorkerGameJudgeTest" tests="1" skipped="0" failures="0" errors="0" timestamp="2019-08-11T22:29:52" hostname="ZHA-ITA061-W10" time="0.003">
  <properties/>
  <testcase name="test_porker_judge_given_2H_3D_5S_KC_KD_and_2D_3S_6H_KS_KH_then_return_second_win" classname="PorkerGameJudgeTest" time="0.003"/>
  <system-out><![CDATA[]]></system-out>
  <system-err><![CDATA[]]></system-err>
</testsuite>
