<?xml version="1.0" encoding="UTF-8"?>
<testsuite name="PorkerGameJudgeTest" tests="1" skipped="0" failures="0" errors="0" timestamp="2019-08-11T21:17:40" hostname="ZHA-ITA061-W10" time="0.004">
  <properties/>
  <testcase name="test_porker_judge_given_JK_QK_then_return_second_win" classname="PorkerGameJudgeTest" time="0.004"/>
  <system-out><![CDATA[]]></system-out>
  <system-err><![CDATA[]]></system-err>
</testsuite>
