<?xml version="1.0" encoding="UTF-8"?>
<testsuite name="PorkerGameJudgeTest" tests="4" skipped="0" failures="0" errors="0" timestamp="2019-08-11T22:16:00" hostname="ZHA-ITA061-W10" time="0.004">
  <properties/>
  <testcase name="test_porker_judge_given_2H_and_AS_then_return_second_win" classname="PorkerGameJudgeTest" time="0.003"/>
  <testcase name="test_porker_judge_given_2H_3D_5S_9C_KD_and_2D_2S_5C_9S_TD_then_return_second_win" classname="PorkerGameJudgeTest" time="0.0"/>
  <testcase name="test_porker_judge_given_2H_3D_5S_9C_KD_and_2D_3H_5C_9S_QD_then_return_first_win" classname="PorkerGameJudgeTest" time="0.0"/>
  <testcase name="test_porker_judge_given_JS_KC_and_QS_KH_then_return_second_win" classname="PorkerGameJudgeTest" time="0.0"/>
  <system-out><![CDATA[]]></system-out>
  <system-err><![CDATA[]]></system-err>
</testsuite>
