<?xml version="1.0" encoding="UTF-8"?>
<testsuite name="PorkerGameJudgeTest" tests="1" skipped="0" failures="0" errors="0" timestamp="2019-08-11T22:58:38" hostname="ZHA-ITA061-W10" time="0.004">
  <properties/>
  <testcase name="test_porker_judge_given_3H_4D_5S_6C_7D_and_2D_3S_AC_AS_AH_then_return_first_win" classname="PorkerGameJudgeTest" time="0.004"/>
  <system-out><![CDATA[]]></system-out>
  <system-err><![CDATA[]]></system-err>
</testsuite>
